0 info it worked if it ends with ok
1 verbose cli [ '/usr/bin/nodejs', '/usr/bin/npm', 'install', 'grunt' ]
2 info using npm@1.3.10
3 info using node@v0.10.25
4 verbose cache add [ 'grunt', null ]
5 verbose cache add name=undefined spec="grunt" args=["grunt",null]
6 verbose parsed url { protocol: null,
6 verbose parsed url   slashes: null,
6 verbose parsed url   auth: null,
6 verbose parsed url   host: null,
6 verbose parsed url   port: null,
6 verbose parsed url   hostname: null,
6 verbose parsed url   hash: null,
6 verbose parsed url   search: null,
6 verbose parsed url   query: null,
6 verbose parsed url   pathname: 'grunt',
6 verbose parsed url   path: 'grunt',
6 verbose parsed url   href: 'grunt' }
7 silly lockFile 20ff3fd8-grunt grunt
8 verbose lock grunt /home/hendrik/.npm/20ff3fd8-grunt.lock
9 silly lockFile 20ff3fd8-grunt grunt
10 silly lockFile 20ff3fd8-grunt grunt
11 verbose addNamed [ 'grunt', '' ]
12 verbose addNamed [ null, '*' ]
13 silly lockFile 55f1ff24-grunt grunt@
14 verbose lock grunt@ /home/hendrik/.npm/55f1ff24-grunt.lock
15 silly addNameRange { name: 'grunt', range: '*', hasData: false }
16 verbose url raw grunt
17 verbose url resolving [ 'https://registry.npmjs.org/', './grunt' ]
18 verbose url resolved https://registry.npmjs.org/grunt
19 info trying registry request attempt 1 at 19:43:13
20 http GET https://registry.npmjs.org/grunt
21 http 200 https://registry.npmjs.org/grunt
22 silly registry.get cb [ 200,
22 silly registry.get   { date: 'Fri, 06 Feb 2015 18:43:15 GMT',
22 silly registry.get     server: 'CouchDB/1.5.0 (Erlang OTP/R16B03)',
22 silly registry.get     etag: '"1RPD44HJ9O7QP3MBSQ9H2TQG1"',
22 silly registry.get     'content-type': 'application/json',
22 silly registry.get     'cache-control': 'max-age=60',
22 silly registry.get     'content-length': '88246',
22 silly registry.get     'accept-ranges': 'bytes',
22 silly registry.get     via: '1.1 varnish',
22 silly registry.get     age: '11',
22 silly registry.get     'x-served-by': 'cache-lcy1125-LCY',
22 silly registry.get     'x-cache': 'HIT',
22 silly registry.get     'x-cache-hits': '1',
22 silly registry.get     'x-timer': 'S1423248195.319848,VS0,VE0',
22 silly registry.get     vary: 'Accept',
22 silly registry.get     'keep-alive': 'timeout=10, max=50',
22 silly registry.get     connection: 'Keep-Alive' } ]
23 silly addNameRange number 2 { name: 'grunt', range: '*', hasData: true }
24 silly addNameRange versions [ 'grunt',
24 silly addNameRange   [ '0.1.0',
24 silly addNameRange     '0.1.1',
24 silly addNameRange     '0.1.2',
24 silly addNameRange     '0.2.0',
24 silly addNameRange     '0.2.1',
24 silly addNameRange     '0.2.2',
24 silly addNameRange     '0.2.3',
24 silly addNameRange     '0.2.4',
24 silly addNameRange     '0.2.5',
24 silly addNameRange     '0.2.6',
24 silly addNameRange     '0.2.7',
24 silly addNameRange     '0.2.8',
24 silly addNameRange     '0.2.9',
24 silly addNameRange     '0.2.10',
24 silly addNameRange     '0.2.11',
24 silly addNameRange     '0.2.12',
24 silly addNameRange     '0.2.13',
24 silly addNameRange     '0.2.14',
24 silly addNameRange     '0.2.15',
24 silly addNameRange     '0.3.0',
24 silly addNameRange     '0.3.1',
24 silly addNameRange     '0.3.2',
24 silly addNameRange     '0.3.3',
24 silly addNameRange     '0.3.4',
24 silly addNameRange     '0.3.5',
24 silly addNameRange     '0.3.6',
24 silly addNameRange     '0.3.7',
24 silly addNameRange     '0.3.8',
24 silly addNameRange     '0.3.9',
24 silly addNameRange     '0.3.10',
24 silly addNameRange     '0.3.11',
24 silly addNameRange     '0.3.12',
24 silly addNameRange     '0.3.13',
24 silly addNameRange     '0.3.14',
24 silly addNameRange     '0.3.15',
24 silly addNameRange     '0.3.16',
24 silly addNameRange     '0.3.17',
24 silly addNameRange     '0.4.0',
24 silly addNameRange     '0.4.1',
24 silly addNameRange     '0.4.2',
24 silly addNameRange     '0.4.3',
24 silly addNameRange     '0.4.4',
24 silly addNameRange     '0.4.5',
24 silly addNameRange     '0.3.13-a',
24 silly addNameRange     '0.4.0-a',
24 silly addNameRange     '0.4.0-rc1',
24 silly addNameRange     '0.4.0-rc2',
24 silly addNameRange     '0.4.0-rc3',
24 silly addNameRange     '0.4.0-rc4',
24 silly addNameRange     '0.4.0-rc5',
24 silly addNameRange     '0.4.0-rc6',
24 silly addNameRange     '0.4.0-rc7',
24 silly addNameRange     '0.4.0-rc8' ] ]
25 verbose addNamed [ 'grunt', '0.4.5' ]
26 verbose addNamed [ '0.4.5', '0.4.5' ]
27 silly lockFile 81abf7ad-grunt-0-4-5 grunt@0.4.5
28 verbose lock grunt@0.4.5 /home/hendrik/.npm/81abf7ad-grunt-0-4-5.lock
29 silly lockFile ea6cf2d1--npmjs-org-grunt-grunt-0-4-5-tgz https://registry.npmjs.org/grunt/-/grunt-0.4.5.tgz
30 verbose lock https://registry.npmjs.org/grunt/-/grunt-0.4.5.tgz /home/hendrik/.npm/ea6cf2d1--npmjs-org-grunt-grunt-0-4-5-tgz.lock
31 verbose addRemoteTarball [ 'https://registry.npmjs.org/grunt/-/grunt-0.4.5.tgz',
31 verbose addRemoteTarball   '56937cd5194324adff6d207631832a9d6ba4e7f0' ]
32 silly lockFile ea6cf2d1--npmjs-org-grunt-grunt-0-4-5-tgz https://registry.npmjs.org/grunt/-/grunt-0.4.5.tgz
33 silly lockFile ea6cf2d1--npmjs-org-grunt-grunt-0-4-5-tgz https://registry.npmjs.org/grunt/-/grunt-0.4.5.tgz
34 silly lockFile 81abf7ad-grunt-0-4-5 grunt@0.4.5
35 silly lockFile 81abf7ad-grunt-0-4-5 grunt@0.4.5
36 silly lockFile 55f1ff24-grunt grunt@
37 silly lockFile 55f1ff24-grunt grunt@
38 error Error: EACCES, mkdir '/home/hendrik/tmp/npm-12830-KxDRcT4p'
38 error  { [Error: EACCES, mkdir '/home/hendrik/tmp/npm-12830-KxDRcT4p']
38 error   errno: 3,
38 error   code: 'EACCES',
38 error   path: '/home/hendrik/tmp/npm-12830-KxDRcT4p' }
39 error Please try running this command again as root/Administrator.
40 error System Linux 3.13.0-37-generic
41 error command "/usr/bin/nodejs" "/usr/bin/npm" "install" "grunt"
42 error cwd /home/hendrik/workspace/analyser
43 error node -v v0.10.25
44 error npm -v 1.3.10
45 error path /home/hendrik/tmp/npm-12830-KxDRcT4p
46 error code EACCES
47 error errno 3
48 error stack Error: EACCES, mkdir '/home/hendrik/tmp/npm-12830-KxDRcT4p'
49 verbose exit [ 3, true ]
