INFO  [2015-02-12 01:03:15,618] resources.QuotenResource: FROM: 2013-12-01 UNTIL:  2015-12-01 0.375 Bundesliga
WARN  [2015-02-12 01:03:15,628] org.hibernate.engine.jdbc.spi.SqlExceptionHelper: SQL Error: 0, SQLState: 08S01
ERROR [2015-02-12 01:03:15,629] org.hibernate.engine.jdbc.spi.SqlExceptionHelper: The last packet successfully received from the server was38097 seconds ago.The last packet sent successfully to the server was 38097 seconds ago, which  is longer than the server configured value of 'wait_timeout'. You should consider either expiring and/or testing connection validity before use in your application, increasing the server configured values for client timeouts, or using the Connector/J connection property 'autoReconnect=true' to avoid this problem.
ERROR [2015-02-12 01:03:15,635] io.dropwizard.jersey.errors.LoggingExceptionMapper: Error handling a request: 800ae7bf75775f04
! com.mysql.jdbc.exceptions.jdbc4.MySQLNonTransientConnectionException: Connection.close() has already been called. Invalid operation in this state.
! at sun.reflect.NativeConstructorAccessorImpl.newInstance0(Native Method) ~[na:1.7.0_65]
! at sun.reflect.NativeConstructorAccessorImpl.newInstance(NativeConstructorAccessorImpl.java:57) ~[na:1.7.0_65]
! at sun.reflect.DelegatingConstructorAccessorImpl.newInstance(DelegatingConstructorAccessorImpl.java:45) ~[na:1.7.0_65]
! at java.lang.reflect.Constructor.newInstance(Constructor.java:526) ~[na:1.7.0_65]
! at com.mysql.jdbc.Util.handleNewInstance(Util.java:406) ~[mysql-connector-java-5.1.6.jar:na]
! at com.mysql.jdbc.Util.getInstance(Util.java:381) ~[mysql-connector-java-5.1.6.jar:na]
! at com.mysql.jdbc.SQLError.createSQLException(SQLError.java:984) ~[mysql-connector-java-5.1.6.jar:na]
! at com.mysql.jdbc.SQLError.createSQLException(SQLError.java:956) ~[mysql-connector-java-5.1.6.jar:na]
! at com.mysql.jdbc.SQLError.createSQLException(SQLError.java:926) ~[mysql-connector-java-5.1.6.jar:na]
! at com.mysql.jdbc.ConnectionImpl.getMutex(ConnectionImpl.java:3018) ~[mysql-connector-java-5.1.6.jar:na]
! at com.mysql.jdbc.ConnectionImpl.rollback(ConnectionImpl.java:4564) ~[mysql-connector-java-5.1.6.jar:na]
! at org.hibernate.engine.transaction.internal.jdbc.JdbcTransaction.doRollback(JdbcTransaction.java:163) ~[hibernate-core-4.3.7.Final.jar:4.3.7.Final]
! ... 53 common frames omitted
! Causing: org.hibernate.TransactionException: unable to rollback against JDBC connection
! at org.hibernate.engine.transaction.internal.jdbc.JdbcTransaction.doRollback(JdbcTransaction.java:167) ~[hibernate-core-4.3.7.Final.jar:4.3.7.Final]
! at org.hibernate.engine.transaction.spi.AbstractTransactionImpl.rollback(AbstractTransactionImpl.java:211) ~[hibernate-core-4.3.7.Final.jar:4.3.7.Final]
! ... 52 common frames omitted
! Causing: org.hibernate.TransactionException: rollback failed
! at org.hibernate.engine.transaction.spi.AbstractTransactionImpl.rollback(AbstractTransactionImpl.java:217) ~[hibernate-core-4.3.7.Final.jar:4.3.7.Final]
! at analyser.DbManage.getQuery(DbManage.java:114) ~[classes/:na]
! at statistics.QuotenStatistik.quotenOverview(QuotenStatistik.java:72) ~[classes/:na]
! at statistics.QuotenStatistik.<init>(QuotenStatistik.java:29) ~[classes/:na]
! at resources.QuotenResource.gibBegegnung(QuotenResource.java:38) ~[classes/:na]
! at sun.reflect.NativeMethodAccessorImpl.invoke0(Native Method) ~[na:1.7.0_65]
! at sun.reflect.NativeMethodAccessorImpl.invoke(NativeMethodAccessorImpl.java:57) ~[na:1.7.0_65]
! at sun.reflect.DelegatingMethodAccessorImpl.invoke(DelegatingMethodAccessorImpl.java:43) ~[na:1.7.0_65]
! at java.lang.reflect.Method.invoke(Method.java:606) ~[na:1.7.0_65]
! at com.sun.jersey.spi.container.JavaMethodInvokerFactory$1.invoke(JavaMethodInvokerFactory.java:60) ~[jersey-server-1.18.1.jar:1.18.1]
! at com.sun.jersey.server.impl.model.method.dispatch.AbstractResourceMethodDispatchProvider$TypeOutInvoker._dispatch(AbstractResourceMethodDispatchProvider.java:185) ~[jersey-server-1.18.1.jar:1.18.1]
! at com.sun.jersey.server.impl.model.method.dispatch.ResourceJavaMethodDispatcher.dispatch(ResourceJavaMethodDispatcher.java:75) ~[jersey-server-1.18.1.jar:1.18.1]
! at io.dropwizard.jersey.guava.OptionalResourceMethodDispatchAdapter$OptionalRequestDispatcher.dispatch(OptionalResourceMethodDispatchAdapter.java:37) ~[dropwizard-jersey-0.7.0.jar:0.7.0]
! at com.sun.jersey.server.impl.uri.rules.HttpMethodRule.accept(HttpMethodRule.java:302) ~[jersey-server-1.18.1.jar:1.18.1]
! at com.sun.jersey.server.impl.uri.rules.ResourceObjectRule.accept(ResourceObjectRule.java:100) ~[jersey-server-1.18.1.jar:1.18.1]
! at com.sun.jersey.server.impl.uri.rules.RightHandPathRule.accept(RightHandPathRule.java:147) ~[jersey-server-1.18.1.jar:1.18.1]
! at com.sun.jersey.server.impl.uri.rules.RootResourceClassesRule.accept(RootResourceClassesRule.java:84) ~[jersey-server-1.18.1.jar:1.18.1]
! at com.sun.jersey.server.impl.application.WebApplicationImpl._handleRequest(WebApplicationImpl.java:1542) [jersey-server-1.18.1.jar:1.18.1]
! at com.sun.jersey.server.impl.application.WebApplicationImpl._handleRequest(WebApplicationImpl.java:1473) [jersey-server-1.18.1.jar:1.18.1]
! at com.sun.jersey.server.impl.application.WebApplicationImpl.handleRequest(WebApplicationImpl.java:1419) [jersey-server-1.18.1.jar:1.18.1]
! at com.sun.jersey.server.impl.application.WebApplicationImpl.handleRequest(WebApplicationImpl.java:1409) [jersey-server-1.18.1.jar:1.18.1]
! at com.sun.jersey.spi.container.servlet.WebComponent.service(WebComponent.java:409) [jersey-servlet-1.18.1.jar:1.18.1]
! at com.sun.jersey.spi.container.servlet.ServletContainer.service(ServletContainer.java:540) [jersey-servlet-1.18.1.jar:1.18.1]
! at com.sun.jersey.spi.container.servlet.ServletContainer.service(ServletContainer.java:715) [jersey-servlet-1.18.1.jar:1.18.1]
! at javax.servlet.http.HttpServlet.service(HttpServlet.java:848) [javax.servlet-3.0.0.v201112011016.jar:na]
! at io.dropwizard.jetty.NonblockingServletHolder.handle(NonblockingServletHolder.java:49) [dropwizard-jetty-0.7.0.jar:0.7.0]
! at org.eclipse.jetty.servlet.ServletHandler$CachedChain.doFilter(ServletHandler.java:1515) [jetty-servlet-9.0.7.v20131107.jar:9.0.7.v20131107]
! at org.eclipse.jetty.servlets.UserAgentFilter.doFilter(UserAgentFilter.java:83) [jetty-servlets-9.0.7.v20131107.jar:9.0.7.v20131107]
! at org.eclipse.jetty.servlets.GzipFilter.doFilter(GzipFilter.java:295) [jetty-servlets-9.0.7.v20131107.jar:9.0.7.v20131107]
! at io.dropwizard.jetty.BiDiGzipFilter.doFilter(BiDiGzipFilter.java:127) [dropwizard-jetty-0.7.0.jar:0.7.0]
! at org.eclipse.jetty.servlet.ServletHandler$CachedChain.doFilter(ServletHandler.java:1486) [jetty-servlet-9.0.7.v20131107.jar:9.0.7.v20131107]
! at io.dropwizard.servlets.ThreadNameFilter.doFilter(ThreadNameFilter.java:29) [dropwizard-servlets-0.7.0.jar:0.7.0]
! at org.eclipse.jetty.servlet.ServletHandler$CachedChain.doFilter(ServletHandler.java:1486) [jetty-servlet-9.0.7.v20131107.jar:9.0.7.v20131107]
! at org.eclipse.jetty.servlet.ServletHandler.doHandle(ServletHandler.java:519) [jetty-servlet-9.0.7.v20131107.jar:9.0.7.v20131107]
! at org.eclipse.jetty.server.handler.ContextHandler.doHandle(ContextHandler.java:1097) [jetty-server-9.0.7.v20131107.jar:9.0.7.v20131107]
! at org.eclipse.jetty.servlet.ServletHandler.doScope(ServletHandler.java:448) [jetty-servlet-9.0.7.v20131107.jar:9.0.7.v20131107]
! at org.eclipse.jetty.server.handler.ContextHandler.doScope(ContextHandler.java:1031) [jetty-server-9.0.7.v20131107.jar:9.0.7.v20131107]
! at org.eclipse.jetty.server.handler.ScopedHandler.handle(ScopedHandler.java:136) [jetty-server-9.0.7.v20131107.jar:9.0.7.v20131107]
! at org.eclipse.jetty.server.handler.HandlerWrapper.handle(HandlerWrapper.java:97) [jetty-server-9.0.7.v20131107.jar:9.0.7.v20131107]
! at com.codahale.metrics.jetty9.InstrumentedHandler.handle(InstrumentedHandler.java:173) [metrics-jetty9-3.0.1.jar:3.0.1]
! at io.dropwizard.jetty.RoutingHandler.handle(RoutingHandler.java:51) [dropwizard-jetty-0.7.0.jar:0.7.0]
! at org.eclipse.jetty.server.handler.HandlerWrapper.handle(HandlerWrapper.java:97) [jetty-server-9.0.7.v20131107.jar:9.0.7.v20131107]
! at org.eclipse.jetty.server.handler.RequestLogHandler.handle(RequestLogHandler.java:92) [jetty-server-9.0.7.v20131107.jar:9.0.7.v20131107]
! at org.eclipse.jetty.server.handler.HandlerWrapper.handle(HandlerWrapper.java:97) [jetty-server-9.0.7.v20131107.jar:9.0.7.v20131107]
! at org.eclipse.jetty.server.handler.StatisticsHandler.handle(StatisticsHandler.java:162) [jetty-server-9.0.7.v20131107.jar:9.0.7.v20131107]
! at org.eclipse.jetty.server.handler.HandlerWrapper.handle(HandlerWrapper.java:97) [jetty-server-9.0.7.v20131107.jar:9.0.7.v20131107]
! at org.eclipse.jetty.server.Server.handle(Server.java:446) [jetty-server-9.0.7.v20131107.jar:9.0.7.v20131107]
! at org.eclipse.jetty.server.HttpChannel.handle(HttpChannel.java:271) [jetty-server-9.0.7.v20131107.jar:9.0.7.v20131107]
! at org.eclipse.jetty.server.HttpConnection.onFillable(HttpConnection.java:246) [jetty-server-9.0.7.v20131107.jar:9.0.7.v20131107]
! at org.eclipse.jetty.io.AbstractConnection$ReadCallback.run(AbstractConnection.java:358) [jetty-io-9.0.7.v20131107.jar:9.0.7.v20131107]
! at org.eclipse.jetty.util.thread.QueuedThreadPool.runJob(QueuedThreadPool.java:601) [jetty-util-9.0.7.v20131107.jar:9.0.7.v20131107]
! at org.eclipse.jetty.util.thread.QueuedThreadPool$3.run(QueuedThreadPool.java:532) [jetty-util-9.0.7.v20131107.jar:9.0.7.v20131107]
! at java.lang.Thread.run(Thread.java:745) [na:1.7.0_65]
WARN  [2015-02-12 01:03:35,265] com.google.common.cache.CacheBuilder: ignoring weigher specified without maximumWeight
INFO  [2015-02-12 01:03:35,402] org.hibernate.annotations.common.Version: HCANN000001: Hibernate Commons Annotations {4.0.5.Final}
INFO  [2015-02-12 01:03:35,407] org.hibernate.Version: HHH000412: Hibernate Core {4.3.7.Final}
INFO  [2015-02-12 01:03:35,408] org.hibernate.cfg.Environment: HHH000206: hibernate.properties not found
INFO  [2015-02-12 01:03:35,409] org.hibernate.cfg.Environment: HHH000021: Bytecode provider name : javassist
INFO  [2015-02-12 01:03:35,425] org.hibernate.cfg.Configuration: HHH000043: Configuring from resource: /hibernate.cfg.xml
INFO  [2015-02-12 01:03:35,425] org.hibernate.cfg.Configuration: HHH000040: Configuration resource: /hibernate.cfg.xml
INFO  [2015-02-12 01:03:35,534] org.hibernate.cfg.Configuration: HHH000041: Configured SessionFactory: null
WARN  [2015-02-12 01:03:35,599] org.hibernate.engine.jdbc.connections.internal.DriverManagerConnectionProviderImpl: HHH000402: Using Hibernate built-in connection pool (not for production use!)
INFO  [2015-02-12 01:03:35,609] org.hibernate.engine.jdbc.connections.internal.DriverManagerConnectionProviderImpl: HHH000401: using driver [com.mysql.jdbc.Driver] at URL [jdbc:mysql://localhost/fussballquoten]
INFO  [2015-02-12 01:03:35,612] org.hibernate.engine.jdbc.connections.internal.DriverManagerConnectionProviderImpl: HHH000046: Connection properties: {user=webcrawler, password=****}
INFO  [2015-02-12 01:03:35,613] org.hibernate.engine.jdbc.connections.internal.DriverManagerConnectionProviderImpl: HHH000006: Autocommit mode: false
INFO  [2015-02-12 01:03:35,614] org.hibernate.engine.jdbc.connections.internal.DriverManagerConnectionProviderImpl: HHH000115: Hibernate connection pool size: 20 (min=1)
INFO  [2015-02-12 01:03:35,786] org.hibernate.dialect.Dialect: HHH000400: Using dialect: org.hibernate.dialect.MySQLDialect
INFO  [2015-02-12 01:03:35,791] org.hibernate.engine.jdbc.internal.LobCreatorBuilder: HHH000423: Disabling contextual LOB creation as JDBC driver reported JDBC version [3] less than 4
INFO  [2015-02-12 01:03:35,934] org.hibernate.engine.transaction.internal.TransactionFactoryInitiator: HHH000399: Using default transaction strategy (direct JDBC transactions)
INFO  [2015-02-12 01:03:35,937] org.hibernate.hql.internal.ast.ASTQueryTranslatorFactory: HHH000397: Using ASTQueryTranslatorFactory
INFO  [2015-02-12 01:03:36,249] org.hibernate.tool.hbm2ddl.SchemaUpdate: HHH000228: Running hbm2ddl schema update
INFO  [2015-02-12 01:03:36,250] org.hibernate.tool.hbm2ddl.SchemaUpdate: HHH000102: Fetching database metadata
INFO  [2015-02-12 01:03:36,251] org.hibernate.tool.hbm2ddl.SchemaUpdate: HHH000396: Updating schema
INFO  [2015-02-12 01:03:36,262] org.hibernate.tool.hbm2ddl.TableMetadata: HHH000261: Table found: fussballquoten.BEGEGNUNG
INFO  [2015-02-12 01:03:36,263] org.hibernate.tool.hbm2ddl.TableMetadata: HHH000037: Columns: [id, spieltyp_id, mannschaft_1_id, datum, mannschaft_2_id]
INFO  [2015-02-12 01:03:36,263] org.hibernate.tool.hbm2ddl.TableMetadata: HHH000108: Foreign keys: [fk_35irrh9sd09sdgqvpjgmpplx1, fk_o5xd857bwlrdpje4tnwr1aud2, fk_q36kjjdj3dmoc9a0s5346rs1l]
INFO  [2015-02-12 01:03:36,263] org.hibernate.tool.hbm2ddl.TableMetadata: HHH000126: Indexes: [fk_35irrh9sd09sdgqvpjgmpplx1, fk_o5xd857bwlrdpje4tnwr1aud2, primary, fk_q36kjjdj3dmoc9a0s5346rs1l]
INFO  [2015-02-12 01:03:36,268] org.hibernate.tool.hbm2ddl.TableMetadata: HHH000261: Table found: fussballquoten.ERGEBNIS
INFO  [2015-02-12 01:03:36,268] org.hibernate.tool.hbm2ddl.TableMetadata: HHH000037: Columns: [m2_tore, id, m2_h_tore, begenung_id, sieger, m1_h_tore, m1_tore]
INFO  [2015-02-12 01:03:36,268] org.hibernate.tool.hbm2ddl.TableMetadata: HHH000108: Foreign keys: [fk_8imdnxkvggxb99gw7cehn003d]
INFO  [2015-02-12 01:03:36,268] org.hibernate.tool.hbm2ddl.TableMetadata: HHH000126: Indexes: [fk_8imdnxkvggxb99gw7cehn003d, primary]
INFO  [2015-02-12 01:03:36,272] org.hibernate.tool.hbm2ddl.TableMetadata: HHH000261: Table found: fussballquoten.HISTORY_QUOTE
INFO  [2015-02-12 01:03:36,273] org.hibernate.tool.hbm2ddl.TableMetadata: HHH000037: Columns: [id, quote2, quote1, quote_id, datum, quotex]
INFO  [2015-02-12 01:03:36,273] org.hibernate.tool.hbm2ddl.TableMetadata: HHH000108: Foreign keys: [fk_46qi15od5xmlqi7tikikcbtm8]
INFO  [2015-02-12 01:03:36,273] org.hibernate.tool.hbm2ddl.TableMetadata: HHH000126: Indexes: [fk_46qi15od5xmlqi7tikikcbtm8, primary]
INFO  [2015-02-12 01:03:36,281] org.hibernate.tool.hbm2ddl.TableMetadata: HHH000261: Table found: fussballquoten.MANNSCHAFT
INFO  [2015-02-12 01:03:36,281] org.hibernate.tool.hbm2ddl.TableMetadata: HHH000037: Columns: [id, name]
INFO  [2015-02-12 01:03:36,281] org.hibernate.tool.hbm2ddl.TableMetadata: HHH000108: Foreign keys: []
INFO  [2015-02-12 01:03:36,282] org.hibernate.tool.hbm2ddl.TableMetadata: HHH000126: Indexes: [primary]
INFO  [2015-02-12 01:03:36,285] org.hibernate.tool.hbm2ddl.TableMetadata: HHH000261: Table found: fussballquoten.QUOTE
INFO  [2015-02-12 01:03:36,285] org.hibernate.tool.hbm2ddl.TableMetadata: HHH000037: Columns: [id, wettanbieter_id, begegnung_id, quotem1, quotex, quotem2]
INFO  [2015-02-12 01:03:36,285] org.hibernate.tool.hbm2ddl.TableMetadata: HHH000108: Foreign keys: [fk_df8mce9ofcqfn81yswwqqu23g, fk_mboh6syitjtvn08c4k0kkmw9j]
INFO  [2015-02-12 01:03:36,285] org.hibernate.tool.hbm2ddl.TableMetadata: HHH000126: Indexes: [fk_df8mce9ofcqfn81yswwqqu23g, primary, fk_mboh6syitjtvn08c4k0kkmw9j]
INFO  [2015-02-12 01:03:36,288] org.hibernate.tool.hbm2ddl.TableMetadata: HHH000261: Table found: fussballquoten.SPIELTYP
INFO  [2015-02-12 01:03:36,288] org.hibernate.tool.hbm2ddl.TableMetadata: HHH000037: Columns: [id, name]
INFO  [2015-02-12 01:03:36,288] org.hibernate.tool.hbm2ddl.TableMetadata: HHH000108: Foreign keys: []
INFO  [2015-02-12 01:03:36,288] org.hibernate.tool.hbm2ddl.TableMetadata: HHH000126: Indexes: [primary]
INFO  [2015-02-12 01:03:36,291] org.hibernate.tool.hbm2ddl.TableMetadata: HHH000261: Table found: fussballquoten.WETTANBIETER
INFO  [2015-02-12 01:03:36,291] org.hibernate.tool.hbm2ddl.TableMetadata: HHH000037: Columns: [id, name]
INFO  [2015-02-12 01:03:36,291] org.hibernate.tool.hbm2ddl.TableMetadata: HHH000108: Foreign keys: []
INFO  [2015-02-12 01:03:36,291] org.hibernate.tool.hbm2ddl.TableMetadata: HHH000126: Indexes: [primary]
INFO  [2015-02-12 01:03:36,292] org.hibernate.tool.hbm2ddl.SchemaUpdate: HHH000232: Schema update complete
INFO  [2015-02-12 01:03:36,301] io.dropwizard.server.ServerFactory: Starting AnalyserService
INFO  [2015-02-12 01:03:36,461] com.sun.jersey.server.impl.application.WebApplicationImpl: Initiating Jersey application, version 'Jersey: 1.18.1 02/19/2014 03:28 AM'
INFO  [2015-02-12 01:03:36,518] io.dropwizard.jersey.DropwizardResourceConfig: The following paths were found for the configured resources:

    GET     / (resources.MainResource)
    GET     /begegnung (resources.BegegnungResource)
    POST    /quoten (resources.QuotenResource)

INFO  [2015-02-12 01:03:36,757] io.dropwizard.setup.AdminEnvironment: tasks = 

    POST    /tasks/gc (io.dropwizard.servlets.tasks.GarbageCollectionTask)

WARN  [2015-02-12 01:03:36,758] io.dropwizard.setup.AdminEnvironment: 
!!!!!!!!!!!!!!!!!!!!!!!!!!!!!!!!!!!!!!!!!!!!!!!!!!!!!!!!!!!!!!!!!!!!!!!!!!!!!!!!
!!!!!!!!!!!!!!!!!!!!!!!!!!!!!!!!!!!!!!!!!!!!!!!!!!!!!!!!!!!!!!!!!!!!!!!!!!!!!!!!
!    THIS APPLICATION HAS NO HEALTHCHECKS. THIS MEANS YOU WILL NEVER KNOW      !
!     IF IT DIES IN PRODUCTION, WHICH MEANS YOU WILL NEVER KNOW IF YOU'RE      !
!    LETTING YOUR USERS DOWN. YOU SHOULD ADD A HEALTHCHECK FOR EACH OF YOUR    !
!         APPLICATION'S DEPENDENCIES WHICH FULLY (BUT LIGHTLY) TESTS IT.       !
!!!!!!!!!!!!!!!!!!!!!!!!!!!!!!!!!!!!!!!!!!!!!!!!!!!!!!!!!!!!!!!!!!!!!!!!!!!!!!!!
!!!!!!!!!!!!!!!!!!!!!!!!!!!!!!!!!!!!!!!!!!!!!!!!!!!!!!!!!!!!!!!!!!!!!!!!!!!!!!!!
INFO  [2015-02-12 01:03:37,445] resources.QuotenResource: FROM: 2013-12-01 UNTIL:  2015-12-01 0.65 Bundesliga
INFO  [2015-02-12 01:03:38,172] statistics.QuotenStatistik: found 480 quoten
INFO  [2015-02-12 01:13:31,527] resources.QuotenResource: FROM: 2013-12-01 UNTIL:  2015-12-01 0.01 Bundesliga
INFO  [2015-02-12 01:13:31,769] statistics.QuotenStatistik: found 480 quoten
WARN  [2015-02-12 01:36:12,749] com.google.common.cache.CacheBuilder: ignoring weigher specified without maximumWeight
INFO  [2015-02-12 01:36:12,865] org.hibernate.annotations.common.Version: HCANN000001: Hibernate Commons Annotations {4.0.5.Final}
INFO  [2015-02-12 01:36:12,871] org.hibernate.Version: HHH000412: Hibernate Core {4.3.7.Final}
INFO  [2015-02-12 01:36:12,872] org.hibernate.cfg.Environment: HHH000206: hibernate.properties not found
INFO  [2015-02-12 01:36:12,873] org.hibernate.cfg.Environment: HHH000021: Bytecode provider name : javassist
INFO  [2015-02-12 01:36:12,886] org.hibernate.cfg.Configuration: HHH000043: Configuring from resource: /hibernate.cfg.xml
INFO  [2015-02-12 01:36:12,886] org.hibernate.cfg.Configuration: HHH000040: Configuration resource: /hibernate.cfg.xml
INFO  [2015-02-12 01:36:12,948] org.hibernate.cfg.Configuration: HHH000041: Configured SessionFactory: null
WARN  [2015-02-12 01:36:13,017] org.hibernate.engine.jdbc.connections.internal.DriverManagerConnectionProviderImpl: HHH000402: Using Hibernate built-in connection pool (not for production use!)
INFO  [2015-02-12 01:36:13,019] org.hibernate.engine.jdbc.connections.internal.DriverManagerConnectionProviderImpl: HHH000401: using driver [com.mysql.jdbc.Driver] at URL [jdbc:mysql://localhost/fussballquoten]
INFO  [2015-02-12 01:36:13,020] org.hibernate.engine.jdbc.connections.internal.DriverManagerConnectionProviderImpl: HHH000046: Connection properties: {user=webcrawler, password=****}
INFO  [2015-02-12 01:36:13,020] org.hibernate.engine.jdbc.connections.internal.DriverManagerConnectionProviderImpl: HHH000006: Autocommit mode: false
INFO  [2015-02-12 01:36:13,021] org.hibernate.engine.jdbc.connections.internal.DriverManagerConnectionProviderImpl: HHH000115: Hibernate connection pool size: 20 (min=1)
INFO  [2015-02-12 01:36:13,165] org.hibernate.dialect.Dialect: HHH000400: Using dialect: org.hibernate.dialect.MySQLDialect
INFO  [2015-02-12 01:36:13,171] org.hibernate.engine.jdbc.internal.LobCreatorBuilder: HHH000423: Disabling contextual LOB creation as JDBC driver reported JDBC version [3] less than 4
INFO  [2015-02-12 01:36:13,307] org.hibernate.engine.transaction.internal.TransactionFactoryInitiator: HHH000399: Using default transaction strategy (direct JDBC transactions)
INFO  [2015-02-12 01:36:13,311] org.hibernate.hql.internal.ast.ASTQueryTranslatorFactory: HHH000397: Using ASTQueryTranslatorFactory
INFO  [2015-02-12 01:36:13,559] org.hibernate.tool.hbm2ddl.SchemaUpdate: HHH000228: Running hbm2ddl schema update
INFO  [2015-02-12 01:36:13,559] org.hibernate.tool.hbm2ddl.SchemaUpdate: HHH000102: Fetching database metadata
INFO  [2015-02-12 01:36:13,560] org.hibernate.tool.hbm2ddl.SchemaUpdate: HHH000396: Updating schema
INFO  [2015-02-12 01:36:13,569] org.hibernate.tool.hbm2ddl.TableMetadata: HHH000261: Table found: fussballquoten.BEGEGNUNG
INFO  [2015-02-12 01:36:13,569] org.hibernate.tool.hbm2ddl.TableMetadata: HHH000037: Columns: [id, spieltyp_id, mannschaft_1_id, datum, mannschaft_2_id]
INFO  [2015-02-12 01:36:13,569] org.hibernate.tool.hbm2ddl.TableMetadata: HHH000108: Foreign keys: [fk_35irrh9sd09sdgqvpjgmpplx1, fk_o5xd857bwlrdpje4tnwr1aud2, fk_q36kjjdj3dmoc9a0s5346rs1l]
INFO  [2015-02-12 01:36:13,570] org.hibernate.tool.hbm2ddl.TableMetadata: HHH000126: Indexes: [fk_35irrh9sd09sdgqvpjgmpplx1, fk_o5xd857bwlrdpje4tnwr1aud2, primary, fk_q36kjjdj3dmoc9a0s5346rs1l]
INFO  [2015-02-12 01:36:13,573] org.hibernate.tool.hbm2ddl.TableMetadata: HHH000261: Table found: fussballquoten.ERGEBNIS
INFO  [2015-02-12 01:36:13,573] org.hibernate.tool.hbm2ddl.TableMetadata: HHH000037: Columns: [m2_tore, id, m2_h_tore, begenung_id, sieger, m1_h_tore, m1_tore]
INFO  [2015-02-12 01:36:13,573] org.hibernate.tool.hbm2ddl.TableMetadata: HHH000108: Foreign keys: [fk_8imdnxkvggxb99gw7cehn003d]
INFO  [2015-02-12 01:36:13,573] org.hibernate.tool.hbm2ddl.TableMetadata: HHH000126: Indexes: [fk_8imdnxkvggxb99gw7cehn003d, primary]
INFO  [2015-02-12 01:36:13,585] org.hibernate.tool.hbm2ddl.TableMetadata: HHH000261: Table found: fussballquoten.HISTORY_QUOTE
INFO  [2015-02-12 01:36:13,585] org.hibernate.tool.hbm2ddl.TableMetadata: HHH000037: Columns: [id, quote2, quote1, quote_id, datum, quotex]
INFO  [2015-02-12 01:36:13,585] org.hibernate.tool.hbm2ddl.TableMetadata: HHH000108: Foreign keys: [fk_46qi15od5xmlqi7tikikcbtm8]
INFO  [2015-02-12 01:36:13,586] org.hibernate.tool.hbm2ddl.TableMetadata: HHH000126: Indexes: [fk_46qi15od5xmlqi7tikikcbtm8, primary]
INFO  [2015-02-12 01:36:13,588] org.hibernate.tool.hbm2ddl.TableMetadata: HHH000261: Table found: fussballquoten.MANNSCHAFT
INFO  [2015-02-12 01:36:13,589] org.hibernate.tool.hbm2ddl.TableMetadata: HHH000037: Columns: [id, name]
INFO  [2015-02-12 01:36:13,589] org.hibernate.tool.hbm2ddl.TableMetadata: HHH000108: Foreign keys: []
INFO  [2015-02-12 01:36:13,589] org.hibernate.tool.hbm2ddl.TableMetadata: HHH000126: Indexes: [primary]
INFO  [2015-02-12 01:36:13,592] org.hibernate.tool.hbm2ddl.TableMetadata: HHH000261: Table found: fussballquoten.QUOTE
INFO  [2015-02-12 01:36:13,592] org.hibernate.tool.hbm2ddl.TableMetadata: HHH000037: Columns: [id, wettanbieter_id, begegnung_id, quotem1, quotex, quotem2]
INFO  [2015-02-12 01:36:13,592] org.hibernate.tool.hbm2ddl.TableMetadata: HHH000108: Foreign keys: [fk_df8mce9ofcqfn81yswwqqu23g, fk_mboh6syitjtvn08c4k0kkmw9j]
INFO  [2015-02-12 01:36:13,592] org.hibernate.tool.hbm2ddl.TableMetadata: HHH000126: Indexes: [fk_df8mce9ofcqfn81yswwqqu23g, primary, fk_mboh6syitjtvn08c4k0kkmw9j]
INFO  [2015-02-12 01:36:13,594] org.hibernate.tool.hbm2ddl.TableMetadata: HHH000261: Table found: fussballquoten.SPIELTYP
INFO  [2015-02-12 01:36:13,594] org.hibernate.tool.hbm2ddl.TableMetadata: HHH000037: Columns: [id, name]
INFO  [2015-02-12 01:36:13,594] org.hibernate.tool.hbm2ddl.TableMetadata: HHH000108: Foreign keys: []
INFO  [2015-02-12 01:36:13,594] org.hibernate.tool.hbm2ddl.TableMetadata: HHH000126: Indexes: [primary]
INFO  [2015-02-12 01:36:13,596] org.hibernate.tool.hbm2ddl.TableMetadata: HHH000261: Table found: fussballquoten.WETTANBIETER
INFO  [2015-02-12 01:36:13,596] org.hibernate.tool.hbm2ddl.TableMetadata: HHH000037: Columns: [id, name]
INFO  [2015-02-12 01:36:13,596] org.hibernate.tool.hbm2ddl.TableMetadata: HHH000108: Foreign keys: []
INFO  [2015-02-12 01:36:13,596] org.hibernate.tool.hbm2ddl.TableMetadata: HHH000126: Indexes: [primary]
INFO  [2015-02-12 01:36:13,597] org.hibernate.tool.hbm2ddl.SchemaUpdate: HHH000232: Schema update complete
INFO  [2015-02-12 01:36:13,607] io.dropwizard.server.ServerFactory: Starting AnalyserService
INFO  [2015-02-12 01:36:13,726] com.sun.jersey.server.impl.application.WebApplicationImpl: Initiating Jersey application, version 'Jersey: 1.18.1 02/19/2014 03:28 AM'
INFO  [2015-02-12 01:36:13,795] io.dropwizard.jersey.DropwizardResourceConfig: The following paths were found for the configured resources:

    GET     / (resources.MainResource)
    GET     /begegnung (resources.BegegnungResource)
    POST    /quoten (resources.QuotenResource)

INFO  [2015-02-12 01:36:14,008] io.dropwizard.setup.AdminEnvironment: tasks = 

    POST    /tasks/gc (io.dropwizard.servlets.tasks.GarbageCollectionTask)

WARN  [2015-02-12 01:36:14,009] io.dropwizard.setup.AdminEnvironment: 
!!!!!!!!!!!!!!!!!!!!!!!!!!!!!!!!!!!!!!!!!!!!!!!!!!!!!!!!!!!!!!!!!!!!!!!!!!!!!!!!
!!!!!!!!!!!!!!!!!!!!!!!!!!!!!!!!!!!!!!!!!!!!!!!!!!!!!!!!!!!!!!!!!!!!!!!!!!!!!!!!
!    THIS APPLICATION HAS NO HEALTHCHECKS. THIS MEANS YOU WILL NEVER KNOW      !
!     IF IT DIES IN PRODUCTION, WHICH MEANS YOU WILL NEVER KNOW IF YOU'RE      !
!    LETTING YOUR USERS DOWN. YOU SHOULD ADD A HEALTHCHECK FOR EACH OF YOUR    !
!         APPLICATION'S DEPENDENCIES WHICH FULLY (BUT LIGHTLY) TESTS IT.       !
!!!!!!!!!!!!!!!!!!!!!!!!!!!!!!!!!!!!!!!!!!!!!!!!!!!!!!!!!!!!!!!!!!!!!!!!!!!!!!!!
!!!!!!!!!!!!!!!!!!!!!!!!!!!!!!!!!!!!!!!!!!!!!!!!!!!!!!!!!!!!!!!!!!!!!!!!!!!!!!!!
INFO  [2015-02-12 01:36:45,050] statistics.QuotenStatistik: found 480 quoten
INFO  [2015-02-12 01:37:10,520] statistics.QuotenStatistik: found 480 quoten
INFO  [2015-02-12 01:37:27,155] statistics.QuotenStatistik: found 480 quoten
WARN  [2015-02-12 01:38:12,836] com.google.common.cache.CacheBuilder: ignoring weigher specified without maximumWeight
INFO  [2015-02-12 01:38:12,950] org.hibernate.annotations.common.Version: HCANN000001: Hibernate Commons Annotations {4.0.5.Final}
INFO  [2015-02-12 01:38:12,957] org.hibernate.Version: HHH000412: Hibernate Core {4.3.7.Final}
INFO  [2015-02-12 01:38:12,958] org.hibernate.cfg.Environment: HHH000206: hibernate.properties not found
INFO  [2015-02-12 01:38:12,959] org.hibernate.cfg.Environment: HHH000021: Bytecode provider name : javassist
INFO  [2015-02-12 01:38:12,972] org.hibernate.cfg.Configuration: HHH000043: Configuring from resource: /hibernate.cfg.xml
INFO  [2015-02-12 01:38:12,973] org.hibernate.cfg.Configuration: HHH000040: Configuration resource: /hibernate.cfg.xml
INFO  [2015-02-12 01:38:13,052] org.hibernate.cfg.Configuration: HHH000041: Configured SessionFactory: null
WARN  [2015-02-12 01:38:13,110] org.hibernate.engine.jdbc.connections.internal.DriverManagerConnectionProviderImpl: HHH000402: Using Hibernate built-in connection pool (not for production use!)
INFO  [2015-02-12 01:38:13,113] org.hibernate.engine.jdbc.connections.internal.DriverManagerConnectionProviderImpl: HHH000401: using driver [com.mysql.jdbc.Driver] at URL [jdbc:mysql://localhost/fussballquoten]
INFO  [2015-02-12 01:38:13,113] org.hibernate.engine.jdbc.connections.internal.DriverManagerConnectionProviderImpl: HHH000046: Connection properties: {user=webcrawler, password=****}
INFO  [2015-02-12 01:38:13,113] org.hibernate.engine.jdbc.connections.internal.DriverManagerConnectionProviderImpl: HHH000006: Autocommit mode: false
INFO  [2015-02-12 01:38:13,114] org.hibernate.engine.jdbc.connections.internal.DriverManagerConnectionProviderImpl: HHH000115: Hibernate connection pool size: 20 (min=1)
INFO  [2015-02-12 01:38:13,241] org.hibernate.dialect.Dialect: HHH000400: Using dialect: org.hibernate.dialect.MySQLDialect
INFO  [2015-02-12 01:38:13,246] org.hibernate.engine.jdbc.internal.LobCreatorBuilder: HHH000423: Disabling contextual LOB creation as JDBC driver reported JDBC version [3] less than 4
INFO  [2015-02-12 01:38:13,389] org.hibernate.engine.transaction.internal.TransactionFactoryInitiator: HHH000399: Using default transaction strategy (direct JDBC transactions)
INFO  [2015-02-12 01:38:13,392] org.hibernate.hql.internal.ast.ASTQueryTranslatorFactory: HHH000397: Using ASTQueryTranslatorFactory
INFO  [2015-02-12 01:38:13,702] org.hibernate.tool.hbm2ddl.SchemaUpdate: HHH000228: Running hbm2ddl schema update
INFO  [2015-02-12 01:38:13,702] org.hibernate.tool.hbm2ddl.SchemaUpdate: HHH000102: Fetching database metadata
INFO  [2015-02-12 01:38:13,703] org.hibernate.tool.hbm2ddl.SchemaUpdate: HHH000396: Updating schema
INFO  [2015-02-12 01:38:13,713] org.hibernate.tool.hbm2ddl.TableMetadata: HHH000261: Table found: fussballquoten.BEGEGNUNG
INFO  [2015-02-12 01:38:13,713] org.hibernate.tool.hbm2ddl.TableMetadata: HHH000037: Columns: [id, spieltyp_id, mannschaft_1_id, datum, mannschaft_2_id]
INFO  [2015-02-12 01:38:13,713] org.hibernate.tool.hbm2ddl.TableMetadata: HHH000108: Foreign keys: [fk_35irrh9sd09sdgqvpjgmpplx1, fk_o5xd857bwlrdpje4tnwr1aud2, fk_q36kjjdj3dmoc9a0s5346rs1l]
INFO  [2015-02-12 01:38:13,713] org.hibernate.tool.hbm2ddl.TableMetadata: HHH000126: Indexes: [fk_35irrh9sd09sdgqvpjgmpplx1, fk_o5xd857bwlrdpje4tnwr1aud2, primary, fk_q36kjjdj3dmoc9a0s5346rs1l]
INFO  [2015-02-12 01:38:13,716] org.hibernate.tool.hbm2ddl.TableMetadata: HHH000261: Table found: fussballquoten.ERGEBNIS
INFO  [2015-02-12 01:38:13,717] org.hibernate.tool.hbm2ddl.TableMetadata: HHH000037: Columns: [m2_tore, id, m2_h_tore, begenung_id, sieger, m1_h_tore, m1_tore]
INFO  [2015-02-12 01:38:13,717] org.hibernate.tool.hbm2ddl.TableMetadata: HHH000108: Foreign keys: [fk_8imdnxkvggxb99gw7cehn003d]
INFO  [2015-02-12 01:38:13,717] org.hibernate.tool.hbm2ddl.TableMetadata: HHH000126: Indexes: [fk_8imdnxkvggxb99gw7cehn003d, primary]
INFO  [2015-02-12 01:38:13,726] org.hibernate.tool.hbm2ddl.TableMetadata: HHH000261: Table found: fussballquoten.HISTORY_QUOTE
INFO  [2015-02-12 01:38:13,727] org.hibernate.tool.hbm2ddl.TableMetadata: HHH000037: Columns: [id, quote2, quote1, quote_id, datum, quotex]
INFO  [2015-02-12 01:38:13,727] org.hibernate.tool.hbm2ddl.TableMetadata: HHH000108: Foreign keys: [fk_46qi15od5xmlqi7tikikcbtm8]
INFO  [2015-02-12 01:38:13,727] org.hibernate.tool.hbm2ddl.TableMetadata: HHH000126: Indexes: [fk_46qi15od5xmlqi7tikikcbtm8, primary]
INFO  [2015-02-12 01:38:13,731] org.hibernate.tool.hbm2ddl.TableMetadata: HHH000261: Table found: fussballquoten.MANNSCHAFT
INFO  [2015-02-12 01:38:13,731] org.hibernate.tool.hbm2ddl.TableMetadata: HHH000037: Columns: [id, name]
INFO  [2015-02-12 01:38:13,731] org.hibernate.tool.hbm2ddl.TableMetadata: HHH000108: Foreign keys: []
INFO  [2015-02-12 01:38:13,731] org.hibernate.tool.hbm2ddl.TableMetadata: HHH000126: Indexes: [primary]
INFO  [2015-02-12 01:38:13,734] org.hibernate.tool.hbm2ddl.TableMetadata: HHH000261: Table found: fussballquoten.QUOTE
INFO  [2015-02-12 01:38:13,734] org.hibernate.tool.hbm2ddl.TableMetadata: HHH000037: Columns: [id, wettanbieter_id, begegnung_id, quotem1, quotex, quotem2]
INFO  [2015-02-12 01:38:13,734] org.hibernate.tool.hbm2ddl.TableMetadata: HHH000108: Foreign keys: [fk_df8mce9ofcqfn81yswwqqu23g, fk_mboh6syitjtvn08c4k0kkmw9j]
INFO  [2015-02-12 01:38:13,734] org.hibernate.tool.hbm2ddl.TableMetadata: HHH000126: Indexes: [fk_df8mce9ofcqfn81yswwqqu23g, primary, fk_mboh6syitjtvn08c4k0kkmw9j]
INFO  [2015-02-12 01:38:13,737] org.hibernate.tool.hbm2ddl.TableMetadata: HHH000261: Table found: fussballquoten.SPIELTYP
INFO  [2015-02-12 01:38:13,737] org.hibernate.tool.hbm2ddl.TableMetadata: HHH000037: Columns: [id, name]
INFO  [2015-02-12 01:38:13,737] org.hibernate.tool.hbm2ddl.TableMetadata: HHH000108: Foreign keys: []
INFO  [2015-02-12 01:38:13,737] org.hibernate.tool.hbm2ddl.TableMetadata: HHH000126: Indexes: [primary]
INFO  [2015-02-12 01:38:13,739] org.hibernate.tool.hbm2ddl.TableMetadata: HHH000261: Table found: fussballquoten.WETTANBIETER
INFO  [2015-02-12 01:38:13,739] org.hibernate.tool.hbm2ddl.TableMetadata: HHH000037: Columns: [id, name]
INFO  [2015-02-12 01:38:13,739] org.hibernate.tool.hbm2ddl.TableMetadata: HHH000108: Foreign keys: []
INFO  [2015-02-12 01:38:13,739] org.hibernate.tool.hbm2ddl.TableMetadata: HHH000126: Indexes: [primary]
INFO  [2015-02-12 01:38:13,740] org.hibernate.tool.hbm2ddl.SchemaUpdate: HHH000232: Schema update complete
INFO  [2015-02-12 01:38:13,746] io.dropwizard.server.ServerFactory: Starting AnalyserService
INFO  [2015-02-12 01:38:13,874] com.sun.jersey.server.impl.application.WebApplicationImpl: Initiating Jersey application, version 'Jersey: 1.18.1 02/19/2014 03:28 AM'
INFO  [2015-02-12 01:38:13,943] io.dropwizard.jersey.DropwizardResourceConfig: The following paths were found for the configured resources:

    GET     / (resources.MainResource)
    GET     /begegnung (resources.BegegnungResource)
    POST    /quoten (resources.QuotenResource)

INFO  [2015-02-12 01:38:14,150] io.dropwizard.setup.AdminEnvironment: tasks = 

    POST    /tasks/gc (io.dropwizard.servlets.tasks.GarbageCollectionTask)

WARN  [2015-02-12 01:38:14,151] io.dropwizard.setup.AdminEnvironment: 
!!!!!!!!!!!!!!!!!!!!!!!!!!!!!!!!!!!!!!!!!!!!!!!!!!!!!!!!!!!!!!!!!!!!!!!!!!!!!!!!
!!!!!!!!!!!!!!!!!!!!!!!!!!!!!!!!!!!!!!!!!!!!!!!!!!!!!!!!!!!!!!!!!!!!!!!!!!!!!!!!
!    THIS APPLICATION HAS NO HEALTHCHECKS. THIS MEANS YOU WILL NEVER KNOW      !
!     IF IT DIES IN PRODUCTION, WHICH MEANS YOU WILL NEVER KNOW IF YOU'RE      !
!    LETTING YOUR USERS DOWN. YOU SHOULD ADD A HEALTHCHECK FOR EACH OF YOUR    !
!         APPLICATION'S DEPENDENCIES WHICH FULLY (BUT LIGHTLY) TESTS IT.       !
!!!!!!!!!!!!!!!!!!!!!!!!!!!!!!!!!!!!!!!!!!!!!!!!!!!!!!!!!!!!!!!!!!!!!!!!!!!!!!!!
!!!!!!!!!!!!!!!!!!!!!!!!!!!!!!!!!!!!!!!!!!!!!!!!!!!!!!!!!!!!!!!!!!!!!!!!!!!!!!!!
INFO  [2015-02-12 01:38:20,548] statistics.QuotenStatistik: found 480 quoten
INFO  [2015-02-12 01:38:41,340] statistics.QuotenStatistik: found 480 quoten
